0 verbose cli [
0 verbose cli   'C:\\Users\\roess\\Desktop\\node-v14.16.0-win-x64\\node.exe',
0 verbose cli   'C:\\Users\\roess\\Desktop\\node-v14.16.0-win-x64\\node_modules\\npm\\bin\\npm-cli.js',
0 verbose cli   'list'
0 verbose cli ]
1 info using npm@7.6.3
2 info using node@v14.16.0
3 timing config:load:defaults Completed in 1ms
4 timing config:load:file:C:\Users\roess\Desktop\node-v14.16.0-win-x64\node_modules\npm\npmrc Completed in 7ms
5 timing config:load:builtin Completed in 7ms
6 timing config:load:cli Completed in 1ms
7 timing config:load:env Completed in 0ms
8 timing config:load:file:C:\Users\roess\Desktop\node-v14.16.0-win-x64\.npmrc Completed in 1ms
9 timing config:load:project Completed in 2ms
10 timing config:load:file:C:\Users\roess\.npmrc Completed in 1ms
11 timing config:load:user Completed in 1ms
12 timing config:load:file:C:\Users\roess\Desktop\node-v14.16.0-win-x64\etc\npmrc Completed in 0ms
13 timing config:load:global Completed in 0ms
14 timing config:load:cafile Completed in 0ms
15 timing config:load:validate Completed in 1ms
16 timing config:load:setUserAgent Completed in 0ms
17 timing config:load:setEnvs Completed in 1ms
18 timing config:load Completed in 14ms
19 verbose npm-session d8677f2921dd6a79
20 timing npm:load Completed in 25ms
21 timing arborist:ctor Completed in 0ms
22 timing command:list Completed in 382ms
23 verbose stack Error: extraneous: npm@7.6.3 C:\Users\roess\Desktop\node-v14.16.0-win-x64\node_modules\npm
23 verbose stack     at LS.ls (C:\Users\roess\Desktop\node-v14.16.0-win-x64\node_modules\npm\lib\ls.js:168:9)
23 verbose stack     at processTicksAndRejections (internal/process/task_queues.js:93:5)
24 verbose cwd C:\Users\roess\Desktop\node-v14.16.0-win-x64
25 verbose Windows_NT 10.0.19042
26 verbose argv "C:\\Users\\roess\\Desktop\\node-v14.16.0-win-x64\\node.exe" "C:\\Users\\roess\\Desktop\\node-v14.16.0-win-x64\\node_modules\\npm\\bin\\npm-cli.js" "list"
27 verbose node v14.16.0
28 verbose npm  v7.6.3
29 error code ELSPROBLEMS
30 error extraneous: npm@7.6.3 C:\Users\roess\Desktop\node-v14.16.0-win-x64\node_modules\npm
31 verbose exit 1
